  main.cpp
D:\DESKTOP\04주차 실습\main.cpp(1,1): warning C4819: 현재 코드 페이지(949)에서 표시할 수 없는 문자가 파일에 들어 있습니다. 데이터가 손실되지 않게 하려면 해당 파일을 유니코드 형식으로 저장하십시오.
D:\DESKTOP\04주차 실습\Stack.h(1,1): warning C4819: 현재 코드 페이지(949)에서 표시할 수 없는 문자가 파일에 들어 있습니다. 데이터가 손실되지 않게 하려면 해당 파일을 유니코드 형식으로 저장하십시오.
D:\DESKTOP\04주차 실습\LinkedList.h(1,1): warning C4819: 현재 코드 페이지(949)에서 표시할 수 없는 문자가 파일에 들어 있습니다. 데이터가 손실되지 않게 하려면 해당 파일을 유니코드 형식으로 저장하십시오.
D:\DESKTOP\04주차 실습\LinkedList.h(16,5): error C3861: 'link': 식별자를 찾을 수 없습니다.
D:\DESKTOP\04주차 실습\LinkedList.h(18): message : 컴파일되는 클래스 템플릿 인스턴스화 'Node<T>'에 대한 참조를 확인하세요.
D:\DESKTOP\04주차 실습\LinkedList.h(29,4): error C3861: 'first': 식별자를 찾을 수 없습니다.
D:\DESKTOP\04주차 실습\LinkedList.h(46): message : 컴파일되는 클래스 템플릿 인스턴스화 'LinkedList<T>'에 대한 참조를 확인하세요.
D:\DESKTOP\04주차 실습\LinkedList.h(57,20): error C3861: 'first': 식별자를 찾을 수 없습니다.
D:\DESKTOP\04주차 실습\LinkedList.h(58,2): error C3861: 'first': 식별자를 찾을 수 없습니다.
D:\DESKTOP\04주차 실습\LinkedList.h(75,4): error C2760: 구문 오류: 'else'을(는) 예기치 않은 토큰입니다. 필요한 토큰은 '문'입니다.
D:\DESKTOP\04주차 실습\LinkedList.h(82,12): error C4430: 형식 지정자가 없습니다. int로 가정합니다. 참고: C++에서는 기본 int를 지원하지 않습니다.
D:\DESKTOP\04주차 실습\LinkedList.h(82,12): error C2065: 'current': 선언되지 않은 식별자입니다.
D:\DESKTOP\04주차 실습\LinkedList.h(83,2): error C2059: 구문 오류: 'delete'
D:\DESKTOP\04주차 실습\LinkedList.h(84,14): error C2143: 구문 오류: ';'이(가) '--' 앞에 없습니다.
D:\DESKTOP\04주차 실습\LinkedList.h(84,14): error C4430: 형식 지정자가 없습니다. int로 가정합니다. 참고: C++에서는 기본 int를 지원하지 않습니다.
D:\DESKTOP\04주차 실습\LinkedList.h(86,2): error C2059: 구문 오류: 'return'
D:\DESKTOP\04주차 실습\LinkedList.h(87,1): error C2059: 구문 오류: '}'
D:\DESKTOP\04주차 실습\LinkedList.h(87,1): error C2143: 구문 오류: ';'이(가) '}' 앞에 없습니다.
D:\DESKTOP\04주차 실습\LinkedList.h(91,1): error C2143: 구문 오류: ';'이(가) '{' 앞에 없습니다.
D:\DESKTOP\04주차 실습\LinkedList.h(91,1): error C2447: '{': 함수 헤더가 없습니다. 이전 스타일의 형식 목록입니까?
